# JRE version: Java(TM) SE Runtime Environment (8.0_121-b13) (build 1.8.0_121-b13)
# Java VM: Java HotSpot(TM) 64-Bit Server VM (25.121-b13 mixed mode windows-amd64 compressed oops)
Heap:
 garbage-first heap   total 131072K, used 98816K [0x00000000c0000000, 0x00000000c0100400, 0x0000000100000000)
  region size 1024K, 40 young (40960K), 8 survivors (8192K)
 Metaspace       used 59017K, capacity 61930K, committed 62288K, reserved 1103872K
  class space    used 6881K, capacity 7755K, committed 7808K, reserved 1048576K
GC Heap History (10 events):
Event: 90.751 GC heap before
{Heap before GC invocations=12 (full 0):
 garbage-first heap   total 131072K, used 107520K [0x00000000c0000000, 0x00000000c0100400, 0x0000000100000000)
  region size 1024K, 71 young (72704K), 10 survivors (10240K)
 Metaspace       used 54715K, capacity 57610K, committed 58064K, reserved 1099776K
  class space    used 6492K, capacity 7305K, committed 7424K, reserved 1048576K
Event: 90.769 GC heap after
Heap after GC invocations=13 (full 0):
 garbage-first heap   total 131072K, used 49664K [0x00000000c0000000, 0x00000000c0100400, 0x0000000100000000)
  region size 1024K, 7 young (7168K), 7 survivors (7168K)
 Metaspace       used 54715K, capacity 57610K, committed 58064K, reserved 1099776K
  class space    used 6492K, capacity 7305K, committed 7424K, reserved 1048576K
}
Event: 94.721 GC heap before
{Heap before GC invocations=13 (full 0):
 garbage-first heap   total 131072K, used 107008K [0x00000000c0000000, 0x00000000c0100400, 0x0000000100000000)
  region size 1024K, 64 young (65536K), 7 survivors (7168K)
 Metaspace       used 57128K, capacity 60074K, committed 60296K, reserved 1101824K
  class space    used 6741K, capacity 7588K, committed 7680K, reserved 1048576K
Event: 94.734 GC heap after
Heap after GC invocations=14 (full 0):
 garbage-first heap   total 131072K, used 52224K [0x00000000c0000000, 0x00000000c0100400, 0x0000000100000000)
  region size 1024K, 9 young (9216K), 9 survivors (9216K)
 Metaspace       used 57128K, capacity 60074K, committed 60296K, reserved 1101824K
  class space    used 6741K, capacity 7588K, committed 7680K, reserved 1048576K
}
Event: 1526.221 GC heap before
{Heap before GC invocations=15 (full 0):
 garbage-first heap   total 131072K, used 103936K [0x00000000c0000000, 0x00000000c0100400, 0x0000000100000000)
  region size 1024K, 63 young (64512K), 9 survivors (9216K)
 Metaspace       used 58839K, capacity 61756K, committed 62032K, reserved 1103872K
  class space    used 6869K, capacity 7719K, committed 7808K, reserved 1048576K
Event: 1526.240 GC heap after
Heap after GC invocations=16 (full 0):
 garbage-first heap   total 131072K, used 62696K [0x00000000c0000000, 0x00000000c0100400, 0x0000000100000000)
  region size 1024K, 8 young (8192K), 8 survivors (8192K)
 Metaspace       used 58839K, capacity 61756K, committed 62032K, reserved 1103872K
  class space    used 6869K, capacity 7719K, committed 7808K, reserved 1048576K
}
Event: 1526.376 GC heap before
{Heap before GC invocations=16 (full 0):
 garbage-first heap   total 131072K, used 63720K [0x00000000c0000000, 0x00000000c0100400, 0x0000000100000000)
  region size 1024K, 9 young (9216K), 8 survivors (8192K)
 Metaspace       used 58843K, capacity 61756K, committed 62032K, reserved 1103872K
  class space    used 6869K, capacity 7719K, committed 7808K, reserved 1048576K
Event: 1526.385 GC heap after
Heap after GC invocations=17 (full 0):
 garbage-first heap   total 131072K, used 50176K [0x00000000c0000000, 0x00000000c0100400, 0x0000000100000000)
  region size 1024K, 2 young (2048K), 2 survivors (2048K)
 Metaspace       used 58843K, capacity 61756K, committed 62032K, reserved 1103872K
  class space    used 6869K, capacity 7719K, committed 7808K, reserved 1048576K
}
Event: 4550.177 GC heap before
{Heap before GC invocations=17 (full 0):
 garbage-first heap   total 131072K, used 111616K [0x00000000c0000000, 0x00000000c0100400, 0x0000000100000000)
  region size 1024K, 62 young (63488K), 2 survivors (2048K)
 Metaspace       used 58958K, capacity 61896K, committed 62288K, reserved 1103872K
  class space    used 6871K, capacity 7721K, committed 7808K, reserved 1048576K
Event: 4550.263 GC heap after
Heap after GC invocations=18 (full 0):
 garbage-first heap   total 131072K, used 67072K [0x00000000c0000000, 0x00000000c0100400, 0x0000000100000000)
  region size 1024K, 8 young (8192K), 8 survivors (8192K)
 Metaspace       used 58958K, capacity 61896K, committed 62288K, reserved 1103872K
  class space    used 6871K, capacity 7721K, committed 7808K, reserved 1048576K
}

